<?xml version="1.0" encoding="UTF-8" ?>
<testsuite tests="8" failures="0" name="feature.book.BookSearchTest" time="0.003" errors="0" skipped="0">
  <properties>
[...]
</properties>
  <testcase classname="Scenario: Search books by publication year" name="Given a book with the title &apos;One good book&apos;, written by &apos;Anonymous&apos;, published in 14 March 2013" time="0.002"/>
  <testcase classname="Scenario: Search books by publication year" name="And another book with the title &apos;Some other book&apos;, written by &apos;Tim Tomson&apos;, published in 23 August 2014" time="0"/>
  <testcase classname="Scenario: Search books by publication year" name="And another book with the title &apos;How to cook a dino&apos;, written by &apos;Fred Flintstone&apos;, published in 01 January 2012" time="0"/>
  <testcase classname="Scenario: Search books by publication year" name="When the customer searches for books published between 2013 and 2014" time="0"/>
  <testcase classname="Scenario: Search books by publication year" name="Then 2 books should have been found" time="0"/>
  <testcase classname="Scenario: Search books by publication year" name="And Book 1 should have the title &apos;Some other book&apos;" time="0"/>
  <testcase classname="Scenario: Search books by publication year" name="And Book 2 should have the title &apos;One good book&apos;" time="0"/>
  <testcase classname="Scenario: Search books by publication year" name="Scenario: Search books by publication year" time="0.001"/>
</testsuite>