<?xml version="1.0" encoding="UTF-8" ?>
<testsuite tests="13" failures="0" name="feature.salary.SalaryTest" time="0.015" errors="0" skipped="8">
  <properties>
[...]
</properties>
  <testcase classname="Scenario: Search books by publication year" name="Given a book with the title &apos;One good book&apos;, written by &apos;Anonymous&apos;, published in 14 March 2013" time="0.001">
    <skipped/>
    <system-out>
  Scenario: Modify an employee&apos;s salary                                            &amp;#27;[90m# salary/salary_management.feature:3&amp;#27;[0m
    &amp;#27;[33mGiven &amp;#27;[0m&amp;#27;[33mthe salary management system is initialized with the following data&amp;#27;[0m
    &amp;#27;[33mWhen &amp;#27;[0m&amp;#27;[33mthe boss increases the salary for the employee with id &apos;3&apos; by 5%&amp;#27;[0m
    &amp;#27;[33mThen &amp;#27;[0m&amp;#27;[33mthe payroll for the employee with id &apos;3&apos; should display a salary of 57750&amp;#27;[0m

2 Scenarios (&amp;#27;[33m1 undefined&amp;#27;[0m, &amp;#27;[32m1 passed&amp;#27;[0m)
10 Steps (&amp;#27;[33m3 undefined&amp;#27;[0m, &amp;#27;[32m7 passed&amp;#27;[0m)
0m0.160s


You can implement missing steps with the snippets below:

@Given(&quot;^the salary management system is initialized with the following data$&quot;)
public void the_salary_management_system_is_initialized_with_the_following_data(DataTable arg1) throws Throwable {
    // Write code here that turns the phrase above into concrete actions
    // For automatic transformation, change DataTable to one of
    // List&lt;YourType&gt;, List&lt;List&lt;E&gt;&gt;, List&lt;Map&lt;K,V&gt;&gt; or Map&lt;K,V&gt;.
    // E,K,V must be a scalar (String, Integer, Date, enum etc)
    throw new PendingException();
}

@When(&quot;^the boss increases the salary for the employee with id &apos;(\\d+)&apos; by (\\d+)%$&quot;)
public void the_boss_increases_the_salary_for_the_employee_with_id_by(int arg1, int arg2) throws Throwable {
    // Write code here that turns the phrase above into concrete actions
    throw new PendingException();
}

@Then(&quot;^the payroll for the employee with id &apos;(\\d+)&apos; should display a salary of (\\d+)$&quot;)
public void the_payroll_for_the_employee_with_id_should_display_a_salary_of(int arg1, int arg2) throws Throwable {
    // Write code here that turns the phrase above into concrete actions
    throw new PendingException();
}

Feature: Book search
  To allow a customer to find his favourite books quickly, the library must offer multiple ways to search for a book.
</system-out>
  </testcase>
  <testcase classname="Scenario: Search books by publication year" name="And another book with the title &apos;Some other book&apos;, written by &apos;Tim Tomson&apos;, published in 23 August 2014" time="0.001">
    <skipped/>
  </testcase>
  <testcase classname="Scenario: Search books by publication year" name="And another book with the title &apos;How to cook a dino&apos;, written by &apos;Fred Flintstone&apos;, published in 01 January 2012" time="0.001">
    <skipped/>
  </testcase>
  <testcase classname="Scenario: Search books by publication year" name="When the customer searches for books published between 2013 and 2014" time="0.002">
    <skipped/>
  </testcase>
  <testcase classname="Scenario: Search books by publication year" name="Then 2 books should have been found" time="0.002">
    <skipped/>
  </testcase>
  <testcase classname="Scenario: Search books by publication year" name="And Book 1 should have the title &apos;Some other book&apos;" time="0.002">
    <skipped/>
  </testcase>
  <testcase classname="Scenario: Search books by publication year" name="And Book 2 should have the title &apos;One good book&apos;" time="0.002">
    <skipped/>
  </testcase>
  <testcase classname="Scenario: Search books by publication year" name="Scenario: Search books by publication year" time="0.002">
    <skipped/>
  </testcase>
  <testcase classname="Scenario: Search books by publication year" name="Scenario: Search books by publication year" time="0.002"/>
  <testcase classname="Scenario: Modify an employee&apos;s salary" name="Given the salary management system is initialized with the following data" time="0"/>
  <testcase classname="Scenario: Modify an employee&apos;s salary" name="When the boss increases the salary for the employee with id &apos;3&apos; by 5%" time="0"/>
  <testcase classname="Scenario: Modify an employee&apos;s salary" name="Then the payroll for the employee with id &apos;3&apos; should display a salary of 57750" time="0"/>
  <testcase classname="Scenario: Modify an employee&apos;s salary" name="Scenario: Modify an employee&apos;s salary" time="0"/>
</testsuite>