<?xml version="1.0" encoding="UTF-8" ?>
<testsuite tests="13" failures="0" name="feature.book.BookSearchTest" time="0.016" errors="0" skipped="4">
  <properties>
[...]
</properties>
  <testcase classname="Scenario: Search books by publication year" name="Given a book with the title &apos;One good book&apos;, written by &apos;Anonymous&apos;, published in 14 March 2013" time="0.001"/>
  <testcase classname="Scenario: Search books by publication year" name="And another book with the title &apos;Some other book&apos;, written by &apos;Tim Tomson&apos;, published in 23 August 2014" time="0"/>
  <testcase classname="Scenario: Search books by publication year" name="And another book with the title &apos;How to cook a dino&apos;, written by &apos;Fred Flintstone&apos;, published in 01 January 2012" time="0"/>
  <testcase classname="Scenario: Search books by publication year" name="When the customer searches for books published between 2013 and 2014" time="0"/>
  <testcase classname="Scenario: Search books by publication year" name="Then 2 books should have been found" time="0"/>
  <testcase classname="Scenario: Search books by publication year" name="And Book 1 should have the title &apos;Some other book&apos;" time="0"/>
  <testcase classname="Scenario: Search books by publication year" name="And Book 2 should have the title &apos;One good book&apos;" time="0"/>
  <testcase classname="Scenario: Search books by publication year" name="Scenario: Search books by publication year" time="0.001"/>
  <testcase classname="Scenario: Modify an employee&apos;s salary" name="Given the salary management system is initialized with the following data" time="0.002">
    <skipped/>
    <system-out>
  Scenario: Search books by publication year                                                                         &amp;#27;[90m# book/search_book.feature:4&amp;#27;[0m
    &amp;#27;[32mGiven &amp;#27;[0m&amp;#27;[32ma book with the title &apos;&amp;#27;[0m&amp;#27;[32m&amp;#27;[1mOne good book&amp;#27;[0m&amp;#27;[32m&apos;, written by &apos;&amp;#27;[0m&amp;#27;[32m&amp;#27;[1mAnonymous&amp;#27;[0m&amp;#27;[32m&apos;, published in &amp;#27;[0m&amp;#27;[32m&amp;#27;[1m14 March 2013&amp;#27;[0m                  &amp;#27;[90m# BookSearchSteps.addNewBook(String,String,Date)&amp;#27;[0m
    &amp;#27;[32mAnd &amp;#27;[0m&amp;#27;[32manother book with the title &apos;&amp;#27;[0m&amp;#27;[32m&amp;#27;[1mSome other book&amp;#27;[0m&amp;#27;[32m&apos;, written by &apos;&amp;#27;[0m&amp;#27;[32m&amp;#27;[1mTim Tomson&amp;#27;[0m&amp;#27;[32m&apos;, published in &amp;#27;[0m&amp;#27;[32m&amp;#27;[1m23 August 2014&amp;#27;[0m          &amp;#27;[90m# BookSearchSteps.addNewBook(String,String,Date)&amp;#27;[0m
    &amp;#27;[32mAnd &amp;#27;[0m&amp;#27;[32manother book with the title &apos;&amp;#27;[0m&amp;#27;[32m&amp;#27;[1mHow to cook a dino&amp;#27;[0m&amp;#27;[32m&apos;, written by &apos;&amp;#27;[0m&amp;#27;[32m&amp;#27;[1mFred Flintstone&amp;#27;[0m&amp;#27;[32m&apos;, published in &amp;#27;[0m&amp;#27;[32m&amp;#27;[1m01 January 2012&amp;#27;[0m &amp;#27;[90m# BookSearchSteps.addNewBook(String,String,Date)&amp;#27;[0m
    &amp;#27;[32mWhen &amp;#27;[0m&amp;#27;[32mthe customer searches for books published between &amp;#27;[0m&amp;#27;[32m&amp;#27;[1m2013&amp;#27;[0m&amp;#27;[32m and &amp;#27;[0m&amp;#27;[32m&amp;#27;[1m2014&amp;#27;[0m                                             &amp;#27;[90m# BookSearchSteps.setSearchParameters(Date,Date)&amp;#27;[0m
    &amp;#27;[32mThen &amp;#27;[0m&amp;#27;[32m&amp;#27;[0m&amp;#27;[32m&amp;#27;[1m2&amp;#27;[0m&amp;#27;[32m books should have been found&amp;#27;[0m                                                                              &amp;#27;[90m# BookSearchSteps.verifyAmountOfBooksFound(int)&amp;#27;[0m
    &amp;#27;[32mAnd &amp;#27;[0m&amp;#27;[32mBook &amp;#27;[0m&amp;#27;[32m&amp;#27;[1m1&amp;#27;[0m&amp;#27;[32m should have the title &apos;&amp;#27;[0m&amp;#27;[32m&amp;#27;[1mSome other book&amp;#27;[0m&amp;#27;[32m&apos;&amp;#27;[0m                                                               &amp;#27;[90m# BookSearchSteps.verifyBookAtPosition(int,String)&amp;#27;[0m
    &amp;#27;[32mAnd &amp;#27;[0m&amp;#27;[32mBook &amp;#27;[0m&amp;#27;[32m&amp;#27;[1m2&amp;#27;[0m&amp;#27;[32m should have the title &apos;&amp;#27;[0m&amp;#27;[32m&amp;#27;[1mOne good book&amp;#27;[0m&amp;#27;[32m&apos;&amp;#27;[0m                                                                 &amp;#27;[90m# BookSearchSteps.verifyBookAtPosition(int,String)&amp;#27;[0m
Feature: Salary Management
</system-out>
  </testcase>
  <testcase classname="Scenario: Modify an employee&apos;s salary" name="When the boss increases the salary for the employee with id &apos;3&apos; by 5%" time="0.003">
    <skipped/>
  </testcase>
  <testcase classname="Scenario: Modify an employee&apos;s salary" name="Then the payroll for the employee with id &apos;3&apos; should display a salary of 57750" time="0.003">
    <skipped/>
  </testcase>
  <testcase classname="Scenario: Modify an employee&apos;s salary" name="Scenario: Modify an employee&apos;s salary" time="0.003">
    <skipped/>
  </testcase>
  <testcase classname="Scenario: Modify an employee&apos;s salary" name="Scenario: Modify an employee&apos;s salary" time="0.003"/>
</testsuite>